--------------- Build Started: 11/29/2017 19:28:11 Project: All_Gas, Configuration: ARM GCC 5.4-2016-q2-update Debug ---------------
cydsfit.exe -.appdatapath "C:\Users\User\AppData\Local\Cypress Semiconductor\PSoC Creator\4.1" -.fdsnotice -.fdswarpdepfile=warp_dependencies.txt -.fdselabdepfile=elab_dependencies.txt -.fdsbldfile=generated_files.txt -.fdsreffile=referenced_files.txt -p "C:\Users\User\Documents\PSoC Creator\MQ_135\All_Gas.cydsn\All_Gas.cyprj" -d CY8C5868AXI-LP035 -s "C:\Users\User\Documents\PSoC Creator\MQ_135\All_Gas.cydsn\Generated_Source\PSoC5" -- -yv2 -q10 -ygs -o2 -v3 -.fftcfgtype=LE
Elaborating Design...
HDL Generation...
Synthesis...
Tech Mapping...
ADD: pft.M0040: information: The following 2 pin(s) will be assigned a location by the fitter: \USBFS:VBUS(0)\, Pin_SW4(0)
Analog Placement...
Info: apr.M0002: Analog signal "\ADC:Net_35\" is connected to one terminal only. (App=cydsfit)
Analog Routing...
Analog Code Generation...
Digital Placement...
Digital Routing...
Bitstream Generation...
Bitstream Verification...
Static timing analysis...
API Generation...
Dependency Generation...
Cleanup...
arm-none-eabi-gcc.exe -c main.c -o .\CortexM3\ARM_GCC_541\Debug\main.o -mcpu=cortex-m3 -mthumb -I. -IGenerated_Source\PSoC5 -Wa,-alh=.\CortexM3\ARM_GCC_541\Debug/main.lst -g -D DEBUG -D CY_CORE_ID=0 -Wall -ffunction-sections -ffat-lto-objects -Og
arm-none-eabi-ar.exe -rs .\CortexM3\ARM_GCC_541\Debug\All_Gas.a .\CortexM3\ARM_GCC_541\Debug\Pin_1.o .\CortexM3\ARM_GCC_541\Debug\LCD.o .\CortexM3\ARM_GCC_541\Debug\LCD_PM.o .\CortexM3\ARM_GCC_541\Debug\ADC.o .\CortexM3\ARM_GCC_541\Debug\ADC_PM.o .\CortexM3\ARM_GCC_541\Debug\ADC_INT.o .\CortexM3\ARM_GCC_541\Debug\Pin_2.o .\CortexM3\ARM_GCC_541\Debug\Pin_4.o .\CortexM3\ARM_GCC_541\Debug\Pin_3.o .\CortexM3\ARM_GCC_541\Debug\LCD_LCDPort.o .\CortexM3\ARM_GCC_541\Debug\ADC_AMux.o .\CortexM3\ARM_GCC_541\Debug\ADC_Ext_CP_Clk.o .\CortexM3\ARM_GCC_541\Debug\ADC_IRQ.o .\CortexM3\ARM_GCC_541\Debug\ADC_theACLK.o .\CortexM3\ARM_GCC_541\Debug\CyDmac.o .\CortexM3\ARM_GCC_541\Debug\CyFlash.o .\CortexM3\ARM_GCC_541\Debug\CyLib.o .\CortexM3\ARM_GCC_541\Debug\cyPm.o .\CortexM3\ARM_GCC_541\Debug\CySpc.o .\CortexM3\ARM_GCC_541\Debug\cyutils.o .\CortexM3\ARM_GCC_541\Debug\DHT.o .\CortexM3\ARM_GCC_541\Debug\timer_clock.o .\CortexM3\ARM_GCC_541\Debug\Timer_DHT.o .\CortexM3\ARM_GCC_541\Debug\Timer_DHT_PM.o .\CortexM3\ARM_GCC_541\Debug\DMA_Timer_dma.o .\CortexM3\ARM_GCC_541\Debug\isr_DHT_DONE.o .\CortexM3\ARM_GCC_541\Debug\Pin_5.o .\CortexM3\ARM_GCC_541\Debug\USBFS.o .\CortexM3\ARM_GCC_541\Debug\USBFS_audio.o .\CortexM3\ARM_GCC_541\Debug\USBFS_boot.o .\CortexM3\ARM_GCC_541\Debug\USBFS_cdc.o .\CortexM3\ARM_GCC_541\Debug\USBFS_cls.o .\CortexM3\ARM_GCC_541\Debug\USBFS_descr.o .\CortexM3\ARM_GCC_541\Debug\USBFS_drv.o .\CortexM3\ARM_GCC_541\Debug\USBFS_episr.o .\CortexM3\ARM_GCC_541\Debug\USBFS_hid.o .\CortexM3\ARM_GCC_541\Debug\USBFS_pm.o .\CortexM3\ARM_GCC_541\Debug\USBFS_std.o .\CortexM3\ARM_GCC_541\Debug\USBFS_vnd.o .\CortexM3\ARM_GCC_541\Debug\USBFS_midi.o .\CortexM3\ARM_GCC_541\Debug\USBFS_msc.o .\CortexM3\ARM_GCC_541\Debug\USBFS_Dm.o .\CortexM3\ARM_GCC_541\Debug\USBFS_Dp.o .\CortexM3\ARM_GCC_541\Debug\AMux.o .\CortexM3\ARM_GCC_541\Debug\EEPROM.o .\CortexM3\ARM_GCC_541\Debug\Pin_SW2.o .\CortexM3\ARM_GCC_541\Debug\isr_cal_btn.o .\CortexM3\ARM_GCC_541\Debug\timer_clock_1.o .\CortexM3\ARM_GCC_541\Debug\isr_single_read.o .\CortexM3\ARM_GCC_541\Debug\Pin_SW3.o .\CortexM3\ARM_GCC_541\Debug\MQ_131_Power.o .\CortexM3\ARM_GCC_541\Debug\Pin_SW4.o .\CortexM3\ARM_GCC_541\Debug\isr_Power_MQ_131.o .\CortexM3\ARM_GCC_541\Debug\MQ_135_Power.o .\CortexM3\ARM_GCC_541\Debug\MQ_7_Power.o .\CortexM3\ARM_GCC_541\Debug\MQ_2_Power.o .\CortexM3\ARM_GCC_541\Debug\USBFS_VBUS.o .\CortexM3\ARM_GCC_541\Debug\Timer_read.o .\CortexM3\ARM_GCC_541\Debug\Timer_read_PM.o .\CortexM3\ARM_GCC_541\Debug\isr_read.o .\CortexM3\ARM_GCC_541\Debug\CyBootAsmGnu.o
arm-none-eabi-ar.exe: creating .\CortexM3\ARM_GCC_541\Debug\All_Gas.a
arm-none-eabi-gcc.exe -Wl,--start-group -o "C:\Users\User\Documents\PSoC Creator\MQ_135\All_Gas.cydsn\CortexM3\ARM_GCC_541\Debug\All_Gas.elf" .\CortexM3\ARM_GCC_541\Debug\main.o .\CortexM3\ARM_GCC_541\Debug\DHT11.o .\CortexM3\ARM_GCC_541\Debug\usb_protocols.o .\CortexM3\ARM_GCC_541\Debug\RTC.o .\CortexM3\ARM_GCC_541\Debug\MQ_131.o .\CortexM3\ARM_GCC_541\Debug\EEPROM.o .\CortexM3\ARM_GCC_541\Debug\Memory.o .\CortexM3\ARM_GCC_541\Debug\Data_and_Func.o .\CortexM3\ARM_GCC_541\Debug\ESP8266.o .\CortexM3\ARM_GCC_541\Debug\cyfitter_cfg.o .\CortexM3\ARM_GCC_541\Debug\cymetadata.o .\CortexM3\ARM_GCC_541\Debug\Cm3Start.o .\CortexM3\ARM_GCC_541\Debug\All_Gas.a "C:\Program Files (x86)\Cypress\PSoC Creator\4.1\PSoC Creator\psoc\content\cycomponentlibrary\CyComponentLibrary.cylib\CortexM3\ARM_GCC_541\Debug\CyComponentLibrary.a" -mcpu=cortex-m3 -mthumb -l m -L Generated_Source\PSoC5 -Wl,-Map,.\CortexM3\ARM_GCC_541\Debug/All_Gas.map -T Generated_Source\PSoC5\cm3gcc.ld -specs=nano.specs -u _printf_float -Wl,--gc-sections -g -ffunction-sections -Og -ffat-lto-objects -Wl,--end-group
cyelftool.exe -C "C:\Users\User\Documents\PSoC Creator\MQ_135\All_Gas.cydsn\CortexM3\ARM_GCC_541\Debug\All_Gas.elf" --flash_row_size 256 --flash_size 262144 --flash_offset 0x00000000
cyelftool.exe -S "C:\Users\User\Documents\PSoC Creator\MQ_135\All_Gas.cydsn\CortexM3\ARM_GCC_541\Debug\All_Gas.elf"
Flash used: 31492 of 262144 bytes (12.0%).
SRAM used: 3529 of 65536 bytes (5.4%). Stack: 2048 bytes. Heap: 512 bytes.
--------------- Build Succeeded: 11/29/2017 19:29:02 ---------------
